INFO - 2022-10-27 16:21:41,492 - Avvio del server in ascolto sulla porta 50051...
INFO - 2022-10-27 16:21:41,494 - Server avviato con successo...
INFO - 2022-10-27 16:23:44,690 - Richiesta procedura di iscrizione: [mariorossi@gmail.com,mariorossi,mariorossi,mariorossi,Turista]
INFO - 2022-10-27 16:23:45,367 - Procedura di iscrizione conclusa con successo: [mariorossi@gmail.com,mariorossi,mariorossi,mariorossi,Turista]
INFO - 2022-10-27 16:25:08,423 - Procedura di accesso conclusa con successo: [mariorossi,mariorossi]
WARNING - 2022-10-27 16:26:04,145 - Procedura di accesso conclusa senza successo: [scorretto,scorretto]
INFO - 2022-10-27 16:26:42,713 - Procedura di accesso conclusa con successo: [mariorossi,mariorossi]
INFO - 2022-10-27 16:31:34,170 - Avvio del server in ascolto sulla porta 50051...
INFO - 2022-10-27 16:31:34,172 - Server avviato con successo...
INFO - 2022-10-27 16:31:57,623 - Richiesta procedura di accesso: [mariorossi,mariorossi]
INFO - 2022-10-27 16:31:58,370 - Procedura di accesso conclusa con successo: [mariorossi,mariorossi]
INFO - 2022-10-27 16:34:38,967 - Richiesta procedura di iscrizione: [mariobianchi@gmail.com,mariobianchi,mariobianchi,mariobianchi,Turista]
INFO - 2022-10-27 16:34:39,565 - Procedura di iscrizione conclusa con successo: [mariobianchi@gmail.com,mariobianchi,mariobianchi,mariobianchi,Turista]
INFO - 2022-10-27 16:35:06,361 - Richiesta procedura di accesso: [mariobianchi,mariobianchi]
INFO - 2022-10-27 16:35:06,968 - Procedura di accesso conclusa con successo: [mariobianchi,mariobianchi]
INFO - 2022-10-27 17:11:14,940 - Richiesta procedura di accesso: [mariorossi,mariorossi]
INFO - 2022-10-27 17:11:15,650 - Procedura di accesso conclusa con successo: [mariorossi,mariorossi]
INFO - 2022-10-27 17:14:16,741 - Richiesta procedura di accesso: [mariorossi,mariorossi]
INFO - 2022-10-27 17:14:17,369 - Procedura di accesso conclusa con successo: [mariorossi,mariorossi]
INFO - 2022-10-27 17:15:41,217 - Richiesta procedura di accesso: [mariorossi,mariorossi]
INFO - 2022-10-27 17:15:41,929 - Procedura di accesso conclusa con successo: [mariorossi,mariorossi]
INFO - 2022-10-27 17:23:48,802 - Richiesta procedura di accesso: [mariorossi,mariorossi]
INFO - 2022-10-27 17:23:49,390 - Procedura di accesso conclusa con successo: [mariorossi,mariorossi]
INFO - 2022-10-27 17:28:33,987 - Richiesta procedura di accesso: [mariorossi,mariorossi]
INFO - 2022-10-27 17:28:34,616 - Procedura di accesso conclusa con successo: [mariorossi,mariorossi]
INFO - 2022-10-27 17:31:07,633 - Richiesta procedura di accesso: [mariorossi,mariorossi]
INFO - 2022-10-27 17:31:08,263 - Procedura di accesso conclusa con successo: [mariorossi,mariorossi]
INFO - 2022-10-27 17:34:56,133 - Richiesta procedura di accesso: [mariorossi,mariorossi]
INFO - 2022-10-27 17:34:56,694 - Procedura di accesso conclusa con successo: [mariorossi,mariorossi]
INFO - 2022-10-27 17:36:13,770 - Avvio del server in ascolto sulla porta 50051...
INFO - 2022-10-27 17:36:13,772 - Server avviato con successo...
INFO - 2022-10-27 17:36:37,160 - Richiesta procedura di accesso: [mariorossi,mariorossi]
INFO - 2022-10-27 17:36:37,880 - Procedura di accesso conclusa con successo: [mariorossi,mariorossi]
INFO - 2022-10-27 17:37:30,195 - Richiesta procedura di accesso: [mariorossi,mariorossi]
INFO - 2022-10-27 17:37:30,766 - Procedura di accesso conclusa con successo: [mariorossi,mariorossi]
INFO - 2022-10-27 17:40:11,282 - Richiesta procedura di accesso: [mariorossi,mariorossi]
INFO - 2022-10-27 17:40:11,858 - Procedura di accesso conclusa con successo: [mariorossi,mariorossi]
INFO - 2022-10-27 17:40:46,304 - Richiesta procedura di accesso: [mariorossi,mariorossi]
INFO - 2022-10-27 17:40:46,867 - Procedura di accesso conclusa con successo: [mariorossi,mariorossi]
INFO - 2022-10-27 17:47:38,143 - Richiesta procedura di accesso: [mariorossi,mariorossi]
INFO - 2022-10-27 17:47:38,811 - Procedura di accesso conclusa con successo: [mariorossi,mariorossi]
INFO - 2022-10-27 17:51:20,325 - Richiesta procedura di accesso: [mariorossi,mariorossi]
INFO - 2022-10-27 17:51:20,922 - Procedura di accesso conclusa con successo: [mariorossi,mariorossi]
INFO - 2022-10-27 17:52:57,633 - Richiesta procedura di accesso: [mariorossi,mariorossi]
INFO - 2022-10-27 17:52:58,262 - Procedura di accesso conclusa con successo: [mariorossi,mariorossi]
INFO - 2022-10-27 17:54:03,414 - Richiesta procedura di accesso: [mariorossi,mariorossi]
INFO - 2022-10-27 17:54:03,985 - Procedura di accesso conclusa con successo: [mariorossi,mariorossi]
INFO - 2022-10-27 17:58:16,308 - Richiesta procedura di accesso: [mariorossi,mariorossi]
INFO - 2022-10-27 17:58:16,932 - Procedura di accesso conclusa con successo: [mariorossi,mariorossi]
INFO - 2022-10-27 18:00:00,885 - Richiesta procedura di accesso: [mariorossi,mariorossi]
INFO - 2022-10-27 18:00:01,570 - Procedura di accesso conclusa con successo: [mariorossi,mariorossi]
INFO - 2022-10-27 18:10:10,072 - Richiesta procedura di accesso: [mariorossi,mariorossi]
INFO - 2022-10-27 18:10:10,659 - Procedura di accesso conclusa con successo: [mariorossi,mariorossi]
INFO - 2022-10-27 18:15:58,734 - Avvio del server in ascolto sulla porta 50051...
INFO - 2022-10-27 18:15:58,736 - Server avviato con successo...
INFO - 2022-10-27 18:16:25,172 - Richiesta procedura di accesso: [mariorossi,mariorossi]
INFO - 2022-10-27 18:16:25,987 - Procedura di accesso conclusa con successo: [mariorossi,mariorossi]
INFO - 2022-10-27 18:35:55,204 - Avvio del server in ascolto sulla porta 50051...
INFO - 2022-10-27 18:35:55,206 - Server avviato con successo...
INFO - 2022-10-27 18:36:26,147 - Richiesta procedura di accesso: [mariorossi,mariorossi]
INFO - 2022-10-27 18:36:26,858 - Procedura di accesso conclusa con successo: [mariorossi,mariorossi]
INFO - 2022-10-27 18:38:13,553 - Richiesta procedura di accesso: [mariorossi,mariorossi]
INFO - 2022-10-27 18:38:14,152 - Procedura di accesso conclusa con successo: [mariorossi,mariorossi]
INFO - 2022-10-27 18:41:21,709 - Richiesta procedura di accesso: [mariorossi,mariorossi]
INFO - 2022-10-27 18:41:22,298 - Procedura di accesso conclusa con successo: [mariorossi,mariorossi]
INFO - 2022-10-27 18:47:29,053 - Richiesta procedura di accesso: [mariorossi,mariorossi]
INFO - 2022-10-27 18:47:29,723 - Procedura di accesso conclusa con successo: [mariorossi,mariorossi]
INFO - 2022-10-27 18:51:32,291 - Richiesta procedura di accesso: [mariorossi,mariorossi]
INFO - 2022-10-27 18:51:32,887 - Procedura di accesso conclusa con successo: [mariorossi,mariorossi]
INFO - 2022-10-27 18:52:40,463 - Richiesta procedura di accesso: [mariorossi,mariorossi]
INFO - 2022-10-27 18:52:41,031 - Procedura di accesso conclusa con successo: [mariorossi,mariorossi]
INFO - 2022-10-27 18:55:38,592 - Richiesta procedura di accesso: [mariorossi,mariorossi]
INFO - 2022-10-27 18:55:39,235 - Procedura di accesso conclusa con successo: [mariorossi,mariorossi]
INFO - 2022-10-27 19:03:12,241 - Avvio del server in ascolto sulla porta 50051...
INFO - 2022-10-27 19:03:12,250 - Server avviato con successo...
INFO - 2022-10-27 19:03:37,659 - Richiesta procedura di accesso: [mariorossi,mariorossi]
INFO - 2022-10-27 19:03:38,353 - Procedura di accesso conclusa con successo: [mariorossi,mariorossi]
INFO - 2022-10-28 22:09:12,081 - Avvio del server in ascolto sulla porta 50051...
INFO - 2022-10-28 22:09:12,091 - Server avviato con successo...
INFO - 2022-10-28 22:09:41,459 - Richiesta procedura di accesso: [mariorossi,mariorossi]
INFO - 2022-10-28 22:09:42,625 - Procedura di accesso conclusa con successo: [mariorossi,mariorossi]
INFO - 2022-10-28 22:09:54,104 - Richiesta procedura di accesso: [mariorossi,mariorossi]
INFO - 2022-10-28 22:09:54,776 - Procedura di accesso conclusa con successo: [mariorossi,mariorossi]
INFO - 2022-10-28 22:27:07,609 - Avvio del server in ascolto sulla porta 50051...
INFO - 2022-10-28 22:27:07,611 - Server avviato con successo...
INFO - 2022-10-28 22:27:27,874 - Richiesta procedura di accesso: [mariorossi,mariorossi]
INFO - 2022-10-28 22:27:28,758 - Procedura di accesso conclusa con successo: [mariorossi,mariorossi]
INFO - 2022-10-28 22:30:14,942 - Richiesta procedura di accesso: [mariorossi,mariorossi]
INFO - 2022-10-28 22:30:15,761 - Procedura di accesso conclusa con successo: [mariorossi,mariorossi]
INFO - 2022-10-28 22:32:57,698 - Richiesta procedura di accesso: [mariorossi,mariorossi]
INFO - 2022-10-28 22:32:58,984 - Procedura di accesso conclusa con successo: [mariorossi,mariorossi]
INFO - 2022-10-28 22:34:27,832 - Richiesta procedura di iscrizione: [username@gmail.com,username,username,username,Turista]
INFO - 2022-10-28 22:34:28,752 - Procedura di iscrizione conclusa con successo: [username@gmail.com,username,username,username,Turista]
INFO - 2022-10-28 22:34:42,024 - Richiesta procedura di accesso: [username,username]
INFO - 2022-10-28 22:34:43,087 - Procedura di accesso conclusa con successo: [username,username]
INFO - 2022-10-28 22:37:08,921 - Richiesta procedura di accesso: [username,username]
INFO - 2022-10-28 22:37:09,617 - Procedura di accesso conclusa con successo: [username,username]
INFO - 2022-10-28 22:41:53,623 - Richiesta procedura di accesso: [mariorossi,mariorossi]
INFO - 2022-10-28 22:41:54,600 - Procedura di accesso conclusa con successo: [mariorossi,mariorossi]
INFO - 2022-10-28 22:44:59,115 - Richiesta procedura di accesso: [username,username]
INFO - 2022-10-28 22:44:59,974 - Procedura di accesso conclusa con successo: [username,username]
INFO - 2022-10-28 22:45:55,774 - Richiesta procedura di accesso: [username,usrname]
WARNING - 2022-10-28 22:45:56,779 - Procedura di accesso conclusa senza successo: [username,usrname]
INFO - 2022-10-28 22:46:00,157 - Richiesta procedura di accesso: [username,username]
INFO - 2022-10-28 22:46:01,078 - Procedura di accesso conclusa con successo: [username,username]
INFO - 2022-10-28 22:46:42,175 - Richiesta procedura di iscrizione: [ciao@gmail.com,ciao,ciao,ciao,Turista]
INFO - 2022-10-28 22:46:43,265 - Procedura di iscrizione conclusa con successo: [ciao@gmail.com,ciao,ciao,ciao,Turista]
INFO - 2022-10-28 22:46:49,287 - Richiesta procedura di accesso: [ciao,ciao]
INFO - 2022-10-28 22:46:50,236 - Procedura di accesso conclusa con successo: [ciao,ciao]
INFO - 2022-10-28 22:47:45,295 - Richiesta procedura di accesso: [ciao,ciao]
INFO - 2022-10-28 22:47:46,172 - Procedura di accesso conclusa con successo: [ciao,ciao]
INFO - 2022-10-28 22:49:23,274 - Richiesta procedura di accesso: [ciao,ciao]
INFO - 2022-10-28 22:49:24,240 - Procedura di accesso conclusa con successo: [ciao,ciao]
INFO - 2022-10-28 22:55:40,326 - Richiesta procedura di accesso: [username,username]
INFO - 2022-10-28 22:55:41,067 - Procedura di accesso conclusa con successo: [username,username]
INFO - 2022-10-28 22:57:51,966 - Richiesta procedura di accesso: [username,username]
INFO - 2022-10-28 22:57:52,948 - Procedura di accesso conclusa con successo: [username,username]
INFO - 2022-10-28 23:01:57,707 - Richiesta procedura di accesso: [ciao,ciao]
INFO - 2022-10-28 23:01:58,395 - Procedura di accesso conclusa con successo: [ciao,ciao]
INFO - 2022-10-28 23:03:21,968 - Richiesta procedura di accesso: [ciao,ciao]
INFO - 2022-10-28 23:03:22,772 - Procedura di accesso conclusa con successo: [ciao,ciao]
INFO - 2022-10-28 23:05:59,864 - Richiesta procedura di accesso: [ciao,ciao]
INFO - 2022-10-28 23:06:00,769 - Procedura di accesso conclusa con successo: [ciao,ciao]
INFO - 2022-10-28 23:08:12,310 - Richiesta procedura di accesso: [ciao,ciao]
INFO - 2022-10-28 23:08:13,209 - Procedura di accesso conclusa con successo: [ciao,ciao]
INFO - 2022-10-28 23:10:54,833 - Richiesta procedura di accesso: [ciao,ciao]
INFO - 2022-10-28 23:10:55,789 - Procedura di accesso conclusa con successo: [ciao,ciao]
INFO - 2022-10-28 23:11:53,565 - Richiesta procedura di accesso: [ciao,ciao]
INFO - 2022-10-28 23:11:54,475 - Procedura di accesso conclusa con successo: [ciao,ciao]
INFO - 2022-10-28 23:15:13,166 - Richiesta procedura di accesso: [ciao,ciao]
INFO - 2022-10-28 23:15:14,084 - Procedura di accesso conclusa con successo: [ciao,ciao]
INFO - 2022-10-28 23:34:38,172 - Richiesta procedura di accesso: [ciao,ciao]
INFO - 2022-10-28 23:34:38,783 - Procedura di accesso conclusa con successo: [ciao,ciao]
INFO - 2022-10-28 23:43:28,386 - Richiesta procedura di accesso: [ciao,ciao]
INFO - 2022-10-28 23:43:28,984 - Procedura di accesso conclusa con successo: [ciao,ciao]
INFO - 2022-10-28 23:44:46,357 - Richiesta procedura di accesso: [capo,capo]
WARNING - 2022-10-28 23:44:46,944 - Procedura di accesso conclusa senza successo: [capo,capo]
INFO - 2022-10-28 23:44:51,334 - Richiesta procedura di accesso: [ciao,ciao]
INFO - 2022-10-28 23:44:51,928 - Procedura di accesso conclusa con successo: [ciao,ciao]
INFO - 2022-10-28 23:45:57,590 - Richiesta procedura di accesso: [ciao,ciao]
INFO - 2022-10-28 23:45:58,210 - Procedura di accesso conclusa con successo: [ciao,ciao]
INFO - 2022-10-28 23:47:58,238 - Richiesta procedura di accesso: [ciao,ciao]
INFO - 2022-10-28 23:47:58,837 - Procedura di accesso conclusa con successo: [ciao,ciao]
INFO - 2022-10-29 00:00:50,318 - Richiesta procedura di accesso: [ciao,ciao]
INFO - 2022-10-29 00:00:50,895 - Procedura di accesso conclusa con successo: [ciao,ciao]
INFO - 2022-10-29 00:17:21,736 - Richiesta procedura di accesso: [ciao,ciao]
INFO - 2022-10-29 00:17:22,392 - Procedura di accesso conclusa con successo: [ciao,ciao]
INFO - 2022-10-29 00:29:16,622 - Richiesta procedura di accesso: [ciao,ciao]
INFO - 2022-10-29 00:29:17,186 - Procedura di accesso conclusa con successo: [ciao,ciao]
INFO - 2022-10-29 00:32:58,131 - Richiesta procedura di accesso: [capo,capo]
WARNING - 2022-10-29 00:32:58,733 - Procedura di accesso conclusa senza successo: [capo,capo]
INFO - 2022-10-29 00:33:05,287 - Richiesta procedura di accesso: [ciao,ciao]
INFO - 2022-10-29 00:33:05,902 - Procedura di accesso conclusa con successo: [ciao,ciao]
INFO - 2022-10-29 00:36:17,174 - Richiesta procedura di accesso: [ciao,ciao]
INFO - 2022-10-29 00:36:17,829 - Procedura di accesso conclusa con successo: [ciao,ciao]
INFO - 2022-10-29 00:40:08,955 - Richiesta procedura di accesso: [ciao,ciao]
INFO - 2022-10-29 00:40:09,548 - Procedura di accesso conclusa con successo: [ciao,ciao]
INFO - 2022-10-29 00:44:27,015 - Richiesta procedura di accesso: [ciao,ciao]
INFO - 2022-10-29 00:44:28,621 - Procedura di accesso conclusa con successo: [ciao,ciao]
INFO - 2022-10-29 00:47:42,698 - Richiesta procedura di accesso: [mariorossi,mariorossi]
INFO - 2022-10-29 00:47:43,280 - Procedura di accesso conclusa con successo: [mariorossi,mariorossi]
INFO - 2022-10-29 00:48:32,769 - Richiesta procedura di accesso: [ciao,ciao]
INFO - 2022-10-29 00:48:33,371 - Procedura di accesso conclusa con successo: [ciao,ciao]
INFO - 2022-10-29 00:49:35,128 - Richiesta procedura di accesso: [ciao,ciao]
INFO - 2022-10-29 00:49:35,714 - Procedura di accesso conclusa con successo: [ciao,ciao]
INFO - 2022-10-29 00:50:53,640 - Richiesta procedura di accesso: [ciao,ciao]
INFO - 2022-10-29 00:50:54,304 - Procedura di accesso conclusa con successo: [ciao,ciao]
INFO - 2022-10-29 00:51:56,690 - Richiesta procedura di accesso: [ciao,ciao]
INFO - 2022-10-29 00:51:57,280 - Procedura di accesso conclusa con successo: [ciao,ciao]
INFO - 2022-10-29 00:52:46,462 - Richiesta procedura di accesso: [ciao,ciao]
INFO - 2022-10-29 00:52:47,092 - Procedura di accesso conclusa con successo: [ciao,ciao]
INFO - 2022-10-29 00:57:05,246 - Richiesta procedura di accesso: [ciao,ciao]
INFO - 2022-10-29 00:57:05,876 - Procedura di accesso conclusa con successo: [ciao,ciao]
INFO - 2022-10-29 00:58:49,627 - Richiesta procedura di accesso: [ciao,ciao]
INFO - 2022-10-29 00:58:50,204 - Procedura di accesso conclusa con successo: [ciao,ciao]
INFO - 2022-10-29 01:01:10,916 - Richiesta procedura di accesso: [ciao,ciao]
INFO - 2022-10-29 01:01:11,544 - Procedura di accesso conclusa con successo: [ciao,ciao]
INFO - 2022-10-29 01:03:18,916 - Richiesta procedura di accesso: [CIAO,CIAO]
WARNING - 2022-10-29 01:03:19,516 - Procedura di accesso conclusa senza successo: [CIAO,CIAO]
INFO - 2022-10-29 01:03:25,993 - Richiesta procedura di accesso: [ciao,ciao]
INFO - 2022-10-29 01:03:26,592 - Procedura di accesso conclusa con successo: [ciao,ciao]
INFO - 2022-10-29 01:05:14,398 - Richiesta procedura di accesso: [ciao,ciao]
INFO - 2022-10-29 01:05:15,002 - Procedura di accesso conclusa con successo: [ciao,ciao]
INFO - 2022-10-29 01:06:32,765 - Richiesta procedura di accesso: [ciao,ciao]
INFO - 2022-10-29 01:06:33,367 - Procedura di accesso conclusa con successo: [ciao,ciao]
INFO - 2022-10-29 01:08:13,742 - Richiesta procedura di accesso: [ciao,ciao]
INFO - 2022-10-29 01:08:14,398 - Procedura di accesso conclusa con successo: [ciao,ciao]
INFO - 2022-10-29 01:09:45,680 - Richiesta procedura di accesso: [ciao,ciao]
INFO - 2022-10-29 01:09:46,259 - Procedura di accesso conclusa con successo: [ciao,ciao]
INFO - 2022-10-29 01:15:02,413 - Richiesta procedura di accesso: [ciao,ciao]
INFO - 2022-10-29 01:15:02,987 - Procedura di accesso conclusa con successo: [ciao,ciao]
INFO - 2022-10-29 01:17:28,422 - Richiesta procedura di accesso: [ciao,ciao]
INFO - 2022-10-29 01:17:29,003 - Procedura di accesso conclusa con successo: [ciao,ciao]
INFO - 2022-10-29 01:21:56,291 - Richiesta procedura di accesso: [ciao,ciao]
INFO - 2022-10-29 01:21:56,862 - Procedura di accesso conclusa con successo: [ciao,ciao]
INFO - 2022-10-29 01:26:37,887 - Richiesta procedura di accesso: [ciao,ciao]
INFO - 2022-10-29 01:26:38,455 - Procedura di accesso conclusa con successo: [ciao,ciao]
INFO - 2022-10-29 01:35:06,255 - Richiesta procedura di accesso: [ciao,ciao]
INFO - 2022-10-29 01:35:06,826 - Procedura di accesso conclusa con successo: [ciao,ciao]
INFO - 2022-10-29 01:36:58,251 - Richiesta procedura di accesso: [ciao,ciao]
INFO - 2022-10-29 01:36:58,831 - Procedura di accesso conclusa con successo: [ciao,ciao]
INFO - 2022-10-29 01:37:26,155 - Richiesta procedura di accesso: [ciao,ciao]
INFO - 2022-10-29 01:37:26,727 - Procedura di accesso conclusa con successo: [ciao,ciao]
