INFO - 2022-10-27 16:20:46,535 - Avvio del server in ascolto sulla porta 50051...
INFO - 2022-10-27 16:20:46,541 - Server avviato con successo...
INFO - 2022-10-27 16:31:45,604 - Avvio del server in ascolto sulla porta 50051...
INFO - 2022-10-27 16:31:45,606 - Server avviato con successo...
INFO - 2022-10-27 16:32:15,481 - Messaggio Matteo...
INFO - 2022-10-27 16:32:16,797 - Messaggio Matteo...
INFO - 2022-10-27 16:35:30,601 - Messaggio Matteo...
INFO - 2022-10-27 16:35:31,901 - Messaggio Matteo...
INFO - 2022-10-27 17:11:40,851 - Messaggio Matteo...
INFO - 2022-10-27 17:11:41,952 - Messaggio Matteo...
INFO - 2022-10-27 17:14:26,309 - Messaggio Matteo...
INFO - 2022-10-27 17:14:27,430 - Messaggio Matteo...
INFO - 2022-10-27 17:15:52,289 - Messaggio Matteo...
INFO - 2022-10-27 17:15:53,545 - Messaggio Matteo...
INFO - 2022-10-27 17:24:00,043 - Messaggio Matteo...
INFO - 2022-10-27 17:24:01,245 - Messaggio Matteo...
INFO - 2022-10-27 17:28:43,390 - Messaggio Matteo...
INFO - 2022-10-27 17:28:44,506 - Messaggio Matteo...
INFO - 2022-10-27 17:29:01,376 - Messaggio Matteo...
INFO - 2022-10-27 17:29:02,703 - Messaggio Matteo...
INFO - 2022-10-27 17:31:17,379 - Messaggio Matteo...
INFO - 2022-10-27 17:31:18,530 - Messaggio Matteo...
INFO - 2022-10-27 17:35:06,011 - Messaggio Matteo...
INFO - 2022-10-27 17:35:07,128 - Messaggio Matteo...
INFO - 2022-10-27 17:36:24,603 - Avvio del server in ascolto sulla porta 50051...
INFO - 2022-10-27 17:36:24,605 - Server avviato con successo...
INFO - 2022-10-27 17:36:47,435 - Messaggio Matteo...
INFO - 2022-10-27 17:36:48,562 - Messaggio Matteo...
INFO - 2022-10-27 17:37:41,747 - Messaggio Matteo...
INFO - 2022-10-27 17:37:42,952 - Messaggio Matteo...
INFO - 2022-10-27 17:40:19,800 - Messaggio Matteo...
INFO - 2022-10-27 17:40:21,111 - Messaggio Matteo...
INFO - 2022-10-27 17:40:59,968 - Messaggio Matteo...
INFO - 2022-10-27 17:41:01,172 - Messaggio Matteo...
INFO - 2022-10-27 17:41:05,452 - Richiesta del prezzo dei posti per la compagnia area EasyJet...
INFO - 2022-10-27 17:41:06,105 - Richiesta del prezzo dei servizi aggiuntivi offerti dalla compagnia area EasyJet...
INFO - 2022-10-27 17:48:12,293 - Messaggio Matteo...
INFO - 2022-10-27 17:48:13,413 - Messaggio Matteo...
INFO - 2022-10-27 17:48:23,226 - Richiesta del prezzo dei posti per la compagnia area EasyJet...
INFO - 2022-10-27 17:48:23,838 - Richiesta del prezzo dei servizi aggiuntivi offerti dalla compagnia area EasyJet...
INFO - 2022-10-27 17:51:29,824 - Messaggio Matteo...
INFO - 2022-10-27 17:51:30,902 - Messaggio Matteo...
INFO - 2022-10-27 17:51:34,343 - Richiesta del prezzo dei posti per la compagnia area EasyJet...
INFO - 2022-10-27 17:51:34,962 - Richiesta del prezzo dei servizi aggiuntivi offerti dalla compagnia area EasyJet...
INFO - 2022-10-27 17:53:06,674 - Messaggio Matteo...
INFO - 2022-10-27 17:53:07,805 - Messaggio Matteo...
INFO - 2022-10-27 17:53:10,204 - Richiesta del prezzo dei posti per la compagnia area EasyJet...
INFO - 2022-10-27 17:53:10,831 - Richiesta del prezzo dei servizi aggiuntivi offerti dalla compagnia area EasyJet...
INFO - 2022-10-27 17:54:13,229 - Messaggio Matteo...
INFO - 2022-10-27 17:54:14,392 - Messaggio Matteo...
INFO - 2022-10-27 17:54:16,601 - Richiesta del prezzo dei posti per la compagnia area EasyJet...
INFO - 2022-10-27 17:54:17,215 - Richiesta del prezzo dei servizi aggiuntivi offerti dalla compagnia area EasyJet...
INFO - 2022-10-27 17:58:29,024 - Messaggio Matteo...
INFO - 2022-10-27 17:58:30,121 - Messaggio Matteo...
INFO - 2022-10-27 17:58:32,548 - Richiesta del prezzo dei posti per la compagnia area EasyJet...
INFO - 2022-10-27 17:58:33,173 - Richiesta del prezzo dei servizi aggiuntivi offerti dalla compagnia area EasyJet...
INFO - 2022-10-27 18:00:10,089 - Messaggio Matteo...
INFO - 2022-10-27 18:00:11,172 - Messaggio Matteo...
INFO - 2022-10-27 18:00:13,464 - Richiesta del prezzo dei posti per la compagnia area EasyJet...
INFO - 2022-10-27 18:00:14,101 - Richiesta del prezzo dei servizi aggiuntivi offerti dalla compagnia area EasyJet...
INFO - 2022-10-27 18:10:22,973 - Messaggio Matteo...
INFO - 2022-10-27 18:10:24,175 - Messaggio Matteo...
INFO - 2022-10-27 18:10:27,563 - Richiesta del prezzo dei posti per la compagnia area EasyJet...
INFO - 2022-10-27 18:10:28,173 - Richiesta del prezzo dei servizi aggiuntivi offerti dalla compagnia area EasyJet...
INFO - 2022-10-27 18:16:09,120 - Avvio del server in ascolto sulla porta 50051...
INFO - 2022-10-27 18:16:09,122 - Server avviato con successo...
INFO - 2022-10-27 18:16:36,083 - Messaggio Matteo...
INFO - 2022-10-27 18:16:37,218 - Messaggio Matteo...
INFO - 2022-10-27 18:18:07,634 - Richiesta del prezzo dei posti per la compagnia area ITA...
INFO - 2022-10-27 18:18:08,374 - Richiesta del prezzo dei servizi aggiuntivi offerti dalla compagnia area ITA...
INFO - 2022-10-27 18:36:04,119 - Avvio del server in ascolto sulla porta 50051...
INFO - 2022-10-27 18:36:04,121 - Server avviato con successo...
INFO - 2022-10-27 18:36:48,532 - Messaggio Matteo...
INFO - 2022-10-27 18:36:49,671 - Messaggio Matteo...
INFO - 2022-10-27 18:38:24,160 - Messaggio Matteo...
INFO - 2022-10-27 18:38:25,252 - Messaggio Matteo...
INFO - 2022-10-27 18:41:31,446 - Messaggio Matteo...
INFO - 2022-10-27 18:41:32,545 - Messaggio Matteo...
INFO - 2022-10-27 18:47:39,106 - Messaggio Matteo...
INFO - 2022-10-27 18:47:40,204 - Messaggio Matteo...
INFO - 2022-10-27 18:51:45,651 - Messaggio Matteo...
INFO - 2022-10-27 18:51:46,776 - Messaggio Matteo...
INFO - 2022-10-27 18:52:50,129 - Messaggio Matteo...
INFO - 2022-10-27 18:52:51,209 - Messaggio Matteo...
INFO - 2022-10-27 18:55:48,432 - Messaggio Matteo...
INFO - 2022-10-27 18:55:49,526 - Messaggio Matteo...
INFO - 2022-10-27 19:03:22,999 - Avvio del server in ascolto sulla porta 50051...
INFO - 2022-10-27 19:03:23,001 - Server avviato con successo...
INFO - 2022-10-27 19:03:48,300 - Messaggio Matteo...
INFO - 2022-10-27 19:03:49,483 - Messaggio Matteo...
INFO - 2022-10-27 19:04:10,511 - Richiesta del prezzo dei posti per la compagnia area EasyJet...
INFO - 2022-10-27 19:04:11,191 - Richiesta del prezzo dei servizi aggiuntivi offerti dalla compagnia area EasyJet...
INFO - 2022-10-28 22:09:30,088 - Avvio del server in ascolto sulla porta 50051...
INFO - 2022-10-28 22:09:30,090 - Server avviato con successo...
INFO - 2022-10-28 22:11:29,984 - Messaggio Matteo...
INFO - 2022-10-28 22:11:31,562 - Messaggio Matteo...
INFO - 2022-10-28 22:27:00,858 - Avvio del server in ascolto sulla porta 50051...
INFO - 2022-10-28 22:27:00,860 - Server avviato con successo...
INFO - 2022-10-28 22:27:38,702 - Messaggio Matteo...
INFO - 2022-10-28 22:27:40,129 - Messaggio Matteo...
INFO - 2022-10-28 22:28:49,246 - Messaggio Matteo...
INFO - 2022-10-28 22:28:51,188 - Messaggio Matteo...
INFO - 2022-10-28 22:30:26,522 - Messaggio Matteo...
INFO - 2022-10-28 22:30:27,850 - Messaggio Matteo...
INFO - 2022-10-28 22:32:07,284 - Messaggio Matteo...
INFO - 2022-10-28 22:32:08,920 - Messaggio Matteo...
INFO - 2022-10-28 22:33:08,212 - Messaggio Matteo...
INFO - 2022-10-28 22:33:09,955 - Messaggio Matteo...
INFO - 2022-10-28 22:35:20,165 - Messaggio Matteo...
INFO - 2022-10-28 22:35:21,805 - Messaggio Matteo...
INFO - 2022-10-28 22:35:43,096 - Messaggio Matteo...
INFO - 2022-10-28 22:35:44,870 - Messaggio Matteo...
INFO - 2022-10-28 22:37:26,016 - Messaggio Matteo...
INFO - 2022-10-28 22:37:28,573 - Messaggio Matteo...
INFO - 2022-10-28 22:37:32,748 - Richiesta del prezzo dei posti per la compagnia area EasyJet...
INFO - 2022-10-28 22:37:33,708 - Richiesta del prezzo dei servizi aggiuntivi offerti dalla compagnia area EasyJet...
INFO - 2022-10-28 22:42:05,460 - Messaggio Matteo...
INFO - 2022-10-28 22:42:07,155 - Messaggio Matteo...
INFO - 2022-10-28 22:45:12,685 - Messaggio Matteo...
INFO - 2022-10-28 22:45:14,295 - Messaggio Matteo...
INFO - 2022-10-28 22:47:10,002 - Messaggio Matteo...
INFO - 2022-10-28 22:47:11,545 - Messaggio Matteo...
INFO - 2022-10-28 22:47:55,373 - Messaggio Matteo...
INFO - 2022-10-28 22:47:57,203 - Messaggio Matteo...
INFO - 2022-10-28 22:48:00,251 - Richiesta del prezzo dei posti per la compagnia area EasyJet...
INFO - 2022-10-28 22:48:01,209 - Richiesta del prezzo dei servizi aggiuntivi offerti dalla compagnia area EasyJet...
INFO - 2022-10-28 22:49:37,049 - Messaggio Matteo...
INFO - 2022-10-28 22:49:38,789 - Messaggio Matteo...
INFO - 2022-10-28 22:55:51,929 - Messaggio Matteo...
INFO - 2022-10-28 22:55:53,258 - Messaggio Matteo...
INFO - 2022-10-28 22:58:01,968 - Messaggio Matteo...
INFO - 2022-10-28 22:58:03,703 - Messaggio Matteo...
INFO - 2022-10-28 23:02:07,947 - Messaggio Matteo...
INFO - 2022-10-28 23:02:10,497 - Messaggio Matteo...
INFO - 2022-10-28 23:03:33,839 - Messaggio Matteo...
INFO - 2022-10-28 23:03:35,685 - Messaggio Matteo...
INFO - 2022-10-28 23:06:10,715 - Messaggio Matteo...
INFO - 2022-10-28 23:06:12,046 - Messaggio Matteo...
INFO - 2022-10-28 23:08:30,994 - Messaggio Matteo...
INFO - 2022-10-28 23:08:32,550 - Messaggio Matteo...
INFO - 2022-10-28 23:12:10,877 - Messaggio Matteo...
INFO - 2022-10-28 23:12:12,201 - Messaggio Matteo...
INFO - 2022-10-28 23:12:40,303 - Messaggio Matteo...
INFO - 2022-10-28 23:12:41,896 - Messaggio Matteo...
INFO - 2022-10-28 23:15:24,332 - Messaggio Matteo...
INFO - 2022-10-28 23:15:25,764 - Messaggio Matteo...
INFO - 2022-10-28 23:15:47,975 - Richiesta del prezzo dei posti per la compagnia area EasyJet...
INFO - 2022-10-28 23:15:48,861 - Richiesta del prezzo dei servizi aggiuntivi offerti dalla compagnia area EasyJet...
INFO - 2022-10-28 23:34:48,927 - Messaggio Matteo...
INFO - 2022-10-28 23:34:50,150 - Messaggio Matteo...
INFO - 2022-10-28 23:35:32,788 - Richiesta del prezzo dei posti per la compagnia area EasyJet...
INFO - 2022-10-28 23:35:33,430 - Richiesta del prezzo dei servizi aggiuntivi offerti dalla compagnia area EasyJet...
INFO - 2022-10-28 23:37:32,622 - Richiesta del prezzo dei posti per la compagnia area EasyJet...
INFO - 2022-10-28 23:37:33,285 - Richiesta del prezzo dei servizi aggiuntivi offerti dalla compagnia area EasyJet...
INFO - 2022-10-28 23:43:37,989 - Messaggio Matteo...
INFO - 2022-10-28 23:43:39,143 - Messaggio Matteo...
INFO - 2022-10-28 23:43:42,919 - Richiesta del prezzo dei posti per la compagnia area EasyJet...
INFO - 2022-10-28 23:43:43,530 - Richiesta del prezzo dei servizi aggiuntivi offerti dalla compagnia area EasyJet...
INFO - 2022-10-28 23:45:01,268 - Messaggio Matteo...
INFO - 2022-10-28 23:45:02,546 - Messaggio Matteo...
INFO - 2022-10-28 23:45:05,969 - Richiesta del prezzo dei posti per la compagnia area EasyJet...
INFO - 2022-10-28 23:45:06,601 - Richiesta del prezzo dei servizi aggiuntivi offerti dalla compagnia area EasyJet...
INFO - 2022-10-28 23:46:05,913 - Messaggio Matteo...
INFO - 2022-10-28 23:46:07,189 - Messaggio Matteo...
INFO - 2022-10-28 23:46:09,533 - Richiesta del prezzo dei posti per la compagnia area EasyJet...
INFO - 2022-10-28 23:46:10,201 - Richiesta del prezzo dei servizi aggiuntivi offerti dalla compagnia area EasyJet...
INFO - 2022-10-28 23:48:38,540 - Messaggio Matteo...
INFO - 2022-10-28 23:48:39,756 - Messaggio Matteo...
INFO - 2022-10-28 23:48:42,671 - Richiesta del prezzo dei posti per la compagnia area EasyJet...
INFO - 2022-10-28 23:48:43,298 - Richiesta del prezzo dei servizi aggiuntivi offerti dalla compagnia area EasyJet...
INFO - 2022-10-29 00:01:01,106 - Messaggio Matteo...
INFO - 2022-10-29 00:01:02,348 - Messaggio Matteo...
INFO - 2022-10-29 00:01:09,870 - Richiesta del prezzo dei posti per la compagnia area EasyJet...
INFO - 2022-10-29 00:01:10,482 - Richiesta del prezzo dei servizi aggiuntivi offerti dalla compagnia area EasyJet...
INFO - 2022-10-29 00:17:31,860 - Messaggio Matteo...
INFO - 2022-10-29 00:17:33,091 - Messaggio Matteo...
INFO - 2022-10-29 00:17:36,141 - Richiesta del prezzo dei posti per la compagnia area EasyJet...
INFO - 2022-10-29 00:17:36,774 - Richiesta del prezzo dei servizi aggiuntivi offerti dalla compagnia area EasyJet...
INFO - 2022-10-29 00:29:26,370 - Messaggio Matteo...
INFO - 2022-10-29 00:29:27,527 - Messaggio Matteo...
INFO - 2022-10-29 00:29:32,015 - Richiesta del prezzo dei posti per la compagnia area EasyJet...
INFO - 2022-10-29 00:29:32,680 - Richiesta del prezzo dei servizi aggiuntivi offerti dalla compagnia area EasyJet...
INFO - 2022-10-29 00:33:17,853 - Messaggio Matteo...
INFO - 2022-10-29 00:33:19,076 - Messaggio Matteo...
INFO - 2022-10-29 00:33:22,107 - Richiesta del prezzo dei posti per la compagnia area EasyJet...
INFO - 2022-10-29 00:33:22,793 - Richiesta del prezzo dei servizi aggiuntivi offerti dalla compagnia area EasyJet...
INFO - 2022-10-29 00:36:26,637 - Messaggio Matteo...
INFO - 2022-10-29 00:36:27,826 - Messaggio Matteo...
INFO - 2022-10-29 00:36:30,361 - Richiesta del prezzo dei posti per la compagnia area EasyJet...
INFO - 2022-10-29 00:36:31,029 - Richiesta del prezzo dei servizi aggiuntivi offerti dalla compagnia area EasyJet...
INFO - 2022-10-29 00:40:28,926 - Messaggio Matteo...
INFO - 2022-10-29 00:40:31,562 - Messaggio Matteo...
INFO - 2022-10-29 00:40:42,913 - Richiesta del prezzo dei posti per la compagnia area EasyJet...
INFO - 2022-10-29 00:41:01,133 - Richiesta del prezzo dei servizi aggiuntivi offerti dalla compagnia area EasyJet...
INFO - 2022-10-29 00:44:49,372 - Messaggio Matteo...
INFO - 2022-10-29 00:44:51,876 - Messaggio Matteo...
INFO - 2022-10-29 00:44:56,884 - Richiesta del prezzo dei posti per la compagnia area ITA...
INFO - 2022-10-29 00:44:58,955 - Richiesta del prezzo dei servizi aggiuntivi offerti dalla compagnia area ITA...
INFO - 2022-10-29 00:47:51,775 - Messaggio Matteo...
INFO - 2022-10-29 00:47:52,945 - Messaggio Matteo...
INFO - 2022-10-29 00:47:55,947 - Richiesta del prezzo dei posti per la compagnia area EasyJet...
INFO - 2022-10-29 00:47:56,570 - Richiesta del prezzo dei servizi aggiuntivi offerti dalla compagnia area EasyJet...
INFO - 2022-10-29 00:48:41,718 - Messaggio Matteo...
INFO - 2022-10-29 00:48:42,846 - Messaggio Matteo...
INFO - 2022-10-29 00:48:45,865 - Richiesta del prezzo dei posti per la compagnia area EasyJet...
INFO - 2022-10-29 00:48:46,503 - Richiesta del prezzo dei servizi aggiuntivi offerti dalla compagnia area EasyJet...
INFO - 2022-10-29 00:49:50,182 - Messaggio Matteo...
INFO - 2022-10-29 00:49:51,380 - Messaggio Matteo...
INFO - 2022-10-29 00:49:54,327 - Richiesta del prezzo dei posti per la compagnia area EasyJet...
INFO - 2022-10-29 00:49:54,989 - Richiesta del prezzo dei servizi aggiuntivi offerti dalla compagnia area EasyJet...
INFO - 2022-10-29 00:51:05,173 - Messaggio Matteo...
INFO - 2022-10-29 00:51:06,370 - Messaggio Matteo...
INFO - 2022-10-29 00:51:08,779 - Richiesta del prezzo dei posti per la compagnia area ITA...
INFO - 2022-10-29 00:51:09,415 - Richiesta del prezzo dei servizi aggiuntivi offerti dalla compagnia area ITA...
INFO - 2022-10-29 00:52:05,589 - Messaggio Matteo...
INFO - 2022-10-29 00:52:06,857 - Messaggio Matteo...
INFO - 2022-10-29 00:52:09,410 - Richiesta del prezzo dei posti per la compagnia area EasyJet...
INFO - 2022-10-29 00:52:10,081 - Richiesta del prezzo dei servizi aggiuntivi offerti dalla compagnia area EasyJet...
INFO - 2022-10-29 00:52:56,261 - Messaggio Matteo...
INFO - 2022-10-29 00:52:57,459 - Messaggio Matteo...
INFO - 2022-10-29 00:53:01,914 - Richiesta del prezzo dei posti per la compagnia area EasyJet...
INFO - 2022-10-29 00:53:02,609 - Richiesta del prezzo dei servizi aggiuntivi offerti dalla compagnia area EasyJet...
INFO - 2022-10-29 00:57:29,368 - Messaggio Matteo...
INFO - 2022-10-29 00:57:30,565 - Messaggio Matteo...
INFO - 2022-10-29 00:57:32,947 - Richiesta del prezzo dei posti per la compagnia area EasyJet...
INFO - 2022-10-29 00:57:33,560 - Richiesta del prezzo dei servizi aggiuntivi offerti dalla compagnia area EasyJet...
INFO - 2022-10-29 00:58:59,796 - Messaggio Matteo...
INFO - 2022-10-29 00:59:00,961 - Messaggio Matteo...
INFO - 2022-10-29 00:59:03,338 - Richiesta del prezzo dei posti per la compagnia area EasyJet...
INFO - 2022-10-29 00:59:03,987 - Richiesta del prezzo dei servizi aggiuntivi offerti dalla compagnia area EasyJet...
INFO - 2022-10-29 01:01:30,715 - Messaggio Matteo...
INFO - 2022-10-29 01:01:31,871 - Messaggio Matteo...
INFO - 2022-10-29 01:01:34,482 - Richiesta del prezzo dei posti per la compagnia area EasyJet...
INFO - 2022-10-29 01:01:35,386 - Richiesta del prezzo dei servizi aggiuntivi offerti dalla compagnia area EasyJet...
INFO - 2022-10-29 01:03:35,700 - Messaggio Matteo...
INFO - 2022-10-29 01:03:36,884 - Messaggio Matteo...
INFO - 2022-10-29 01:03:39,126 - Richiesta del prezzo dei posti per la compagnia area EasyJet...
INFO - 2022-10-29 01:03:39,769 - Richiesta del prezzo dei servizi aggiuntivi offerti dalla compagnia area EasyJet...
INFO - 2022-10-29 01:05:23,644 - Messaggio Matteo...
INFO - 2022-10-29 01:05:24,802 - Messaggio Matteo...
INFO - 2022-10-29 01:05:27,742 - Richiesta del prezzo dei posti per la compagnia area EasyJet...
INFO - 2022-10-29 01:05:28,379 - Richiesta del prezzo dei servizi aggiuntivi offerti dalla compagnia area EasyJet...
INFO - 2022-10-29 01:05:38,161 - Richiesta del prezzo dei posti per la compagnia area EasyJet...
INFO - 2022-10-29 01:05:38,864 - Richiesta del prezzo dei servizi aggiuntivi offerti dalla compagnia area EasyJet...
INFO - 2022-10-29 01:06:43,377 - Messaggio Matteo...
INFO - 2022-10-29 01:06:44,627 - Messaggio Matteo...
INFO - 2022-10-29 01:06:47,550 - Richiesta del prezzo dei posti per la compagnia area EasyJet...
INFO - 2022-10-29 01:06:48,203 - Richiesta del prezzo dei servizi aggiuntivi offerti dalla compagnia area EasyJet...
INFO - 2022-10-29 01:07:04,694 - Richiesta del prezzo dei posti per la compagnia area EasyJet...
INFO - 2022-10-29 01:07:05,402 - Richiesta del prezzo dei servizi aggiuntivi offerti dalla compagnia area EasyJet...
INFO - 2022-10-29 01:08:24,391 - Messaggio Matteo...
INFO - 2022-10-29 01:08:25,604 - Messaggio Matteo...
INFO - 2022-10-29 01:08:28,136 - Richiesta del prezzo dei posti per la compagnia area EasyJet...
INFO - 2022-10-29 01:08:28,810 - Richiesta del prezzo dei servizi aggiuntivi offerti dalla compagnia area EasyJet...
INFO - 2022-10-29 01:08:45,583 - Richiesta del prezzo dei posti per la compagnia area EasyJet...
INFO - 2022-10-29 01:08:46,296 - Richiesta del prezzo dei servizi aggiuntivi offerti dalla compagnia area EasyJet...
INFO - 2022-10-29 01:09:55,282 - Messaggio Matteo...
INFO - 2022-10-29 01:09:56,572 - Messaggio Matteo...
INFO - 2022-10-29 01:09:59,599 - Richiesta del prezzo dei posti per la compagnia area EasyJet...
INFO - 2022-10-29 01:10:00,248 - Richiesta del prezzo dei servizi aggiuntivi offerti dalla compagnia area EasyJet...
INFO - 2022-10-29 01:10:10,600 - Richiesta del prezzo dei posti per la compagnia area EasyJet...
INFO - 2022-10-29 01:10:11,299 - Richiesta del prezzo dei servizi aggiuntivi offerti dalla compagnia area EasyJet...
INFO - 2022-10-29 01:15:12,697 - Messaggio Matteo...
INFO - 2022-10-29 01:15:13,954 - Messaggio Matteo...
INFO - 2022-10-29 01:15:17,953 - Richiesta del prezzo dei posti per la compagnia area EasyJet...
INFO - 2022-10-29 01:15:18,594 - Richiesta del prezzo dei servizi aggiuntivi offerti dalla compagnia area EasyJet...
INFO - 2022-10-29 01:15:58,822 - Richiesta del prezzo dei posti per la compagnia area EasyJet...
INFO - 2022-10-29 01:15:59,568 - Richiesta del prezzo dei servizi aggiuntivi offerti dalla compagnia area EasyJet...
INFO - 2022-10-29 01:17:37,207 - Messaggio Matteo...
INFO - 2022-10-29 01:17:38,326 - Messaggio Matteo...
INFO - 2022-10-29 01:17:43,974 - Richiesta del prezzo dei posti per la compagnia area EasyJet...
INFO - 2022-10-29 01:17:44,663 - Richiesta del prezzo dei servizi aggiuntivi offerti dalla compagnia area EasyJet...
INFO - 2022-10-29 01:18:04,458 - Richiesta del prezzo dei posti per la compagnia area EasyJet...
INFO - 2022-10-29 01:18:05,238 - Richiesta del prezzo dei servizi aggiuntivi offerti dalla compagnia area EasyJet...
INFO - 2022-10-29 01:22:06,313 - Messaggio Matteo...
INFO - 2022-10-29 01:22:07,520 - Messaggio Matteo...
INFO - 2022-10-29 01:22:11,204 - Richiesta del prezzo dei posti per la compagnia area ITA...
INFO - 2022-10-29 01:22:11,841 - Richiesta del prezzo dei servizi aggiuntivi offerti dalla compagnia area ITA...
INFO - 2022-10-29 01:22:29,684 - Richiesta del prezzo dei posti per la compagnia area ITA...
INFO - 2022-10-29 01:22:30,431 - Richiesta del prezzo dei servizi aggiuntivi offerti dalla compagnia area ITA...
INFO - 2022-10-29 01:26:47,253 - Messaggio Matteo...
INFO - 2022-10-29 01:26:48,506 - Messaggio Matteo...
INFO - 2022-10-29 01:26:51,943 - Richiesta del prezzo dei posti per la compagnia area ITA...
INFO - 2022-10-29 01:26:52,606 - Richiesta del prezzo dei servizi aggiuntivi offerti dalla compagnia area ITA...
INFO - 2022-10-29 01:27:24,517 - Richiesta del prezzo dei posti per la compagnia area ITA...
INFO - 2022-10-29 01:27:25,191 - Richiesta del prezzo dei servizi aggiuntivi offerti dalla compagnia area ITA...
INFO - 2022-10-29 01:35:16,358 - Messaggio Matteo...
INFO - 2022-10-29 01:35:17,572 - Messaggio Matteo...
INFO - 2022-10-29 01:37:07,718 - Messaggio Matteo...
INFO - 2022-10-29 01:37:08,907 - Messaggio Matteo...
INFO - 2022-10-29 01:37:36,838 - Messaggio Matteo...
INFO - 2022-10-29 01:37:37,964 - Messaggio Matteo...
INFO - 2022-10-29 01:37:42,509 - Richiesta del prezzo dei posti per la compagnia area ITA...
INFO - 2022-10-29 01:37:43,119 - Richiesta del prezzo dei servizi aggiuntivi offerti dalla compagnia area ITA...
